# JRE version: OpenJDK Runtime Environment Temurin-17.0.11+9 (17.0.11+9) (build 17.0.11+9)
# Java VM: OpenJDK 64-Bit Server VM Temurin-17.0.11+9 (17.0.11+9, mixed mode, tiered, compressed oops, compressed class ptrs, parallel gc, windows-amd64)
GC Precious Log:
 CPUs: 8 total, 8 available
 Memory: 12121M
 Large Page Support: Disabled
 NUMA Support: Disabled
 Compressed Oops: Enabled (32-bit)
 Alignments: Space 512K, Generation 512K, Heap 2M
 Heap Min Capacity: 100M
 Heap Initial Capacity: 100M
 Heap Max Capacity: 1G
 Pre-touch: Disabled
 Parallel Workers: 8
Heap:
 PSYoungGen      total 36864K, used 6769K [0x00000000eab00000, 0x00000000ed580000, 0x0000000100000000)
  eden space 31232K, 3% used [0x00000000eab00000,0x00000000eac243d8,0x00000000ec980000)
  from space 5632K, 99% used [0x00000000ecb80000,0x00000000ed0f8268,0x00000000ed100000)
  to   space 4608K, 0% used [0x00000000ed100000,0x00000000ed100000,0x00000000ed580000)
 ParOldGen       total 113664K, used 106310K [0x00000000c0000000, 0x00000000c6f00000, 0x00000000eab00000)
  object space 113664K, 93% used [0x00000000c0000000,0x00000000c67d19f8,0x00000000c6f00000)
 Metaspace       used 75023K, committed 76416K, reserved 1179648K
  class space    used 7989K, committed 8640K, reserved 1048576K
GC Heap History (20 events):
Event: 15.344 GC heap before
{Heap before GC invocations=71 (full 5):
 PSYoungGen      total 31232K, used 31200K [0x00000000eab00000, 0x00000000ed000000, 0x0000000100000000)
  eden space 27136K, 100% used [0x00000000eab00000,0x00000000ec580000,0x00000000ec580000)
  from space 4096K, 99% used [0x00000000ec580000,0x00000000ec978000,0x00000000ec980000)
  to   space 4608K, 0% used [0x00000000ecb80000,0x00000000ecb80000,0x00000000ed000000)
 ParOldGen       total 113664K, used 99940K [0x00000000c0000000, 0x00000000c6f00000, 0x00000000eab00000)
  object space 113664K, 87% used [0x00000000c0000000,0x00000000c61993f0,0x00000000c6f00000)
 Metaspace       used 65897K, committed 67264K, reserved 1114112K
  class space    used 6984K, committed 7616K, reserved 1048576K
}
Event: 15.348 GC heap after
{Heap after GC invocations=71 (full 5):
 PSYoungGen      total 33280K, used 4384K [0x00000000eab00000, 0x00000000ed080000, 0x0000000100000000)
  eden space 28672K, 0% used [0x00000000eab00000,0x00000000eab00000,0x00000000ec700000)
  from space 4608K, 95% used [0x00000000ecb80000,0x00000000ecfc8000,0x00000000ed000000)
  to   space 4608K, 0% used [0x00000000ec700000,0x00000000ec700000,0x00000000ecb80000)
 ParOldGen       total 113664K, used 99948K [0x00000000c0000000, 0x00000000c6f00000, 0x00000000eab00000)
  object space 113664K, 87% used [0x00000000c0000000,0x00000000c619b3f0,0x00000000c6f00000)
 Metaspace       used 65897K, committed 67264K, reserved 1114112K
  class space    used 6984K, committed 7616K, reserved 1048576K
}
Event: 15.398 GC heap before
{Heap before GC invocations=72 (full 5):
 PSYoungGen      total 33280K, used 33056K [0x00000000eab00000, 0x00000000ed080000, 0x0000000100000000)
  eden space 28672K, 100% used [0x00000000eab00000,0x00000000ec700000,0x00000000ec700000)
  from space 4608K, 95% used [0x00000000ecb80000,0x00000000ecfc8000,0x00000000ed000000)
  to   space 4608K, 0% used [0x00000000ec700000,0x00000000ec700000,0x00000000ecb80000)
 ParOldGen       total 113664K, used 99948K [0x00000000c0000000, 0x00000000c6f00000, 0x00000000eab00000)
  object space 113664K, 87% used [0x00000000c0000000,0x00000000c619b3f0,0x00000000c6f00000)
 Metaspace       used 66186K, committed 67520K, reserved 1114112K
  class space    used 7007K, committed 7616K, reserved 1048576K
}
Event: 15.401 GC heap after
{Heap after GC invocations=72 (full 5):
 PSYoungGen      total 33280K, used 4608K [0x00000000eab00000, 0x00000000ed300000, 0x0000000100000000)
  eden space 28672K, 0% used [0x00000000eab00000,0x00000000eab00000,0x00000000ec700000)
  from space 4608K, 100% used [0x00000000ec700000,0x00000000ecb80000,0x00000000ecb80000)
  to   space 5120K, 0% used [0x00000000ece00000,0x00000000ece00000,0x00000000ed300000)
 ParOldGen       total 113664K, used 99996K [0x00000000c0000000, 0x00000000c6f00000, 0x00000000eab00000)
  object space 113664K, 87% used [0x00000000c0000000,0x00000000c61a73f0,0x00000000c6f00000)
 Metaspace       used 66186K, committed 67520K, reserved 1114112K
  class space    used 7007K, committed 7616K, reserved 1048576K
}
Event: 15.449 GC heap before
{Heap before GC invocations=73 (full 5):
 PSYoungGen      total 33280K, used 33280K [0x00000000eab00000, 0x00000000ed300000, 0x0000000100000000)
  eden space 28672K, 100% used [0x00000000eab00000,0x00000000ec700000,0x00000000ec700000)
  from space 4608K, 100% used [0x00000000ec700000,0x00000000ecb80000,0x00000000ecb80000)
  to   space 5120K, 0% used [0x00000000ece00000,0x00000000ece00000,0x00000000ed300000)
 ParOldGen       total 113664K, used 99996K [0x00000000c0000000, 0x00000000c6f00000, 0x00000000eab00000)
  object space 113664K, 87% used [0x00000000c0000000,0x00000000c61a73f0,0x00000000c6f00000)
 Metaspace       used 66194K, committed 67520K, reserved 1114112K
  class space    used 7007K, committed 7616K, reserved 1048576K
}
Event: 15.453 GC heap after
{Heap after GC invocations=73 (full 5):
 PSYoungGen      total 34816K, used 3840K [0x00000000eab00000, 0x00000000ed200000, 0x0000000100000000)
  eden space 30720K, 0% used [0x00000000eab00000,0x00000000eab00000,0x00000000ec900000)
  from space 4096K, 93% used [0x00000000ece00000,0x00000000ed1c0020,0x00000000ed200000)
  to   space 4608K, 0% used [0x00000000ec900000,0x00000000ec900000,0x00000000ecd80000)
 ParOldGen       total 113664K, used 101260K [0x00000000c0000000, 0x00000000c6f00000, 0x00000000eab00000)
  object space 113664K, 89% used [0x00000000c0000000,0x00000000c62e33f0,0x00000000c6f00000)
 Metaspace       used 66194K, committed 67520K, reserved 1114112K
  class space    used 7007K, committed 7616K, reserved 1048576K
}
Event: 15.509 GC heap before
{Heap before GC invocations=74 (full 5):
 PSYoungGen      total 34816K, used 34560K [0x00000000eab00000, 0x00000000ed200000, 0x0000000100000000)
  eden space 30720K, 100% used [0x00000000eab00000,0x00000000ec900000,0x00000000ec900000)
  from space 4096K, 93% used [0x00000000ece00000,0x00000000ed1c0020,0x00000000ed200000)
  to   space 4608K, 0% used [0x00000000ec900000,0x00000000ec900000,0x00000000ecd80000)
 ParOldGen       total 113664K, used 101260K [0x00000000c0000000, 0x00000000c6f00000, 0x00000000eab00000)
  object space 113664K, 89% used [0x00000000c0000000,0x00000000c62e33f0,0x00000000c6f00000)
 Metaspace       used 66215K, committed 67520K, reserved 1114112K
  class space    used 7011K, committed 7616K, reserved 1048576K
}
Event: 15.514 GC heap after
{Heap after GC invocations=74 (full 5):
 PSYoungGen      total 35328K, used 4593K [0x00000000eab00000, 0x00000000ed600000, 0x0000000100000000)
  eden space 30720K, 0% used [0x00000000eab00000,0x00000000eab00000,0x00000000ec900000)
  from space 4608K, 99% used [0x00000000ec900000,0x00000000ecd7c408,0x00000000ecd80000)
  to   space 5632K, 0% used [0x00000000ed080000,0x00000000ed080000,0x00000000ed600000)
 ParOldGen       total 113664K, used 101757K [0x00000000c0000000, 0x00000000c6f00000, 0x00000000eab00000)
  object space 113664K, 89% used [0x00000000c0000000,0x00000000c635f410,0x00000000c6f00000)
 Metaspace       used 66215K, committed 67520K, reserved 1114112K
  class space    used 7011K, committed 7616K, reserved 1048576K
}
Event: 15.572 GC heap before
{Heap before GC invocations=75 (full 5):
 PSYoungGen      total 35328K, used 35313K [0x00000000eab00000, 0x00000000ed600000, 0x0000000100000000)
  eden space 30720K, 100% used [0x00000000eab00000,0x00000000ec900000,0x00000000ec900000)
  from space 4608K, 99% used [0x00000000ec900000,0x00000000ecd7c408,0x00000000ecd80000)
  to   space 5632K, 0% used [0x00000000ed080000,0x00000000ed080000,0x00000000ed600000)
 ParOldGen       total 113664K, used 101757K [0x00000000c0000000, 0x00000000c6f00000, 0x00000000eab00000)
  object space 113664K, 89% used [0x00000000c0000000,0x00000000c635f410,0x00000000c6f00000)
 Metaspace       used 66231K, committed 67520K, reserved 1114112K
  class space    used 7012K, committed 7616K, reserved 1048576K
}
Event: 15.576 GC heap after
{Heap after GC invocations=75 (full 5):
 PSYoungGen      total 35840K, used 2880K [0x00000000eab00000, 0x00000000ed380000, 0x0000000100000000)
  eden space 32768K, 0% used [0x00000000eab00000,0x00000000eab00000,0x00000000ecb00000)
  from space 3072K, 93% used [0x00000000ed080000,0x00000000ed350000,0x00000000ed380000)
  to   space 4096K, 0% used [0x00000000ecb80000,0x00000000ecb80000,0x00000000ecf80000)
 ParOldGen       total 113664K, used 102908K [0x00000000c0000000, 0x00000000c6f00000, 0x00000000eab00000)
  object space 113664K, 90% used [0x00000000c0000000,0x00000000c647f1c0,0x00000000c6f00000)
 Metaspace       used 66231K, committed 67520K, reserved 1114112K
  class space    used 7012K, committed 7616K, reserved 1048576K
}
Event: 15.727 GC heap before
{Heap before GC invocations=76 (full 5):
 PSYoungGen      total 35840K, used 35648K [0x00000000eab00000, 0x00000000ed380000, 0x0000000100000000)
  eden space 32768K, 100% used [0x00000000eab00000,0x00000000ecb00000,0x00000000ecb00000)
  from space 3072K, 93% used [0x00000000ed080000,0x00000000ed350000,0x00000000ed380000)
  to   space 4096K, 0% used [0x00000000ecb80000,0x00000000ecb80000,0x00000000ecf80000)
 ParOldGen       total 113664K, used 102908K [0x00000000c0000000, 0x00000000c6f00000, 0x00000000eab00000)
  object space 113664K, 90% used [0x00000000c0000000,0x00000000c647f1c0,0x00000000c6f00000)
 Metaspace       used 66958K, committed 68288K, reserved 1114112K
  class space    used 7104K, committed 7744K, reserved 1048576K
}
Event: 15.731 GC heap after
{Heap after GC invocations=76 (full 5):
 PSYoungGen      total 37376K, used 4064K [0x00000000eab00000, 0x00000000ed600000, 0x0000000100000000)
  eden space 33280K, 0% used [0x00000000eab00000,0x00000000eab00000,0x00000000ecb80000)
  from space 4096K, 99% used [0x00000000ecb80000,0x00000000ecf78020,0x00000000ecf80000)
  to   space 4608K, 0% used [0x00000000ed180000,0x00000000ed180000,0x00000000ed600000)
 ParOldGen       total 113664K, used 102924K [0x00000000c0000000, 0x00000000c6f00000, 0x00000000eab00000)
  object space 113664K, 90% used [0x00000000c0000000,0x00000000c64831c0,0x00000000c6f00000)
 Metaspace       used 66958K, committed 68288K, reserved 1114112K
  class space    used 7104K, committed 7744K, reserved 1048576K
}
Event: 16.262 GC heap before
{Heap before GC invocations=77 (full 5):
 PSYoungGen      total 37376K, used 37314K [0x00000000eab00000, 0x00000000ed600000, 0x0000000100000000)
  eden space 33280K, 99% used [0x00000000eab00000,0x00000000ecb78aa0,0x00000000ecb80000)
  from space 4096K, 99% used [0x00000000ecb80000,0x00000000ecf78020,0x00000000ecf80000)
  to   space 4608K, 0% used [0x00000000ed180000,0x00000000ed180000,0x00000000ed600000)
 ParOldGen       total 113664K, used 102924K [0x00000000c0000000, 0x00000000c6f00000, 0x00000000eab00000)
  object space 113664K, 90% used [0x00000000c0000000,0x00000000c64831c0,0x00000000c6f00000)
 Metaspace       used 69615K, committed 70912K, reserved 1114112K
  class space    used 7334K, committed 7936K, reserved 1048576K
}
Event: 16.266 GC heap after
{Heap after GC invocations=77 (full 5):
 PSYoungGen      total 37376K, used 4236K [0x00000000eab00000, 0x00000000ed600000, 0x0000000100000000)
  eden space 32768K, 0% used [0x00000000eab00000,0x00000000eab00000,0x00000000ecb00000)
  from space 4608K, 91% used [0x00000000ed180000,0x00000000ed5a3348,0x00000000ed600000)
  to   space 4608K, 0% used [0x00000000ecd00000,0x00000000ecd00000,0x00000000ed180000)
 ParOldGen       total 113664K, used 103940K [0x00000000c0000000, 0x00000000c6f00000, 0x00000000eab00000)
  object space 113664K, 91% used [0x00000000c0000000,0x00000000c65811c0,0x00000000c6f00000)
 Metaspace       used 69615K, committed 70912K, reserved 1114112K
  class space    used 7334K, committed 7936K, reserved 1048576K
}
Event: 60.204 GC heap before
{Heap before GC invocations=78 (full 5):
 PSYoungGen      total 37376K, used 36751K [0x00000000eab00000, 0x00000000ed600000, 0x0000000100000000)
  eden space 32768K, 99% used [0x00000000eab00000,0x00000000ecac0c90,0x00000000ecb00000)
  from space 4608K, 91% used [0x00000000ed180000,0x00000000ed5a3348,0x00000000ed600000)
  to   space 4608K, 0% used [0x00000000ecd00000,0x00000000ecd00000,0x00000000ed180000)
 ParOldGen       total 113664K, used 103940K [0x00000000c0000000, 0x00000000c6f00000, 0x00000000eab00000)
  object space 113664K, 91% used [0x00000000c0000000,0x00000000c65811c0,0x00000000c6f00000)
 Metaspace       used 71514K, committed 72896K, reserved 1114112K
  class space    used 7501K, committed 8128K, reserved 1048576K
}
Event: 60.206 GC heap after
{Heap after GC invocations=78 (full 5):
 PSYoungGen      total 36864K, used 4582K [0x00000000eab00000, 0x00000000ed880000, 0x0000000100000000)
  eden space 32256K, 0% used [0x00000000eab00000,0x00000000eab00000,0x00000000eca80000)
  from space 4608K, 99% used [0x00000000ecd00000,0x00000000ed179b40,0x00000000ed180000)
  to   space 7168K, 0% used [0x00000000ed180000,0x00000000ed180000,0x00000000ed880000)
 ParOldGen       total 113664K, used 105878K [0x00000000c0000000, 0x00000000c6f00000, 0x00000000eab00000)
  object space 113664K, 93% used [0x00000000c0000000,0x00000000c67659f8,0x00000000c6f00000)
 Metaspace       used 71514K, committed 72896K, reserved 1114112K
  class space    used 7501K, committed 8128K, reserved 1048576K
}
Event: 64.378 GC heap before
{Heap before GC invocations=79 (full 5):
 PSYoungGen      total 36864K, used 36838K [0x00000000eab00000, 0x00000000ed880000, 0x0000000100000000)
  eden space 32256K, 100% used [0x00000000eab00000,0x00000000eca80000,0x00000000eca80000)
  from space 4608K, 99% used [0x00000000ecd00000,0x00000000ed179b40,0x00000000ed180000)
  to   space 7168K, 0% used [0x00000000ed180000,0x00000000ed180000,0x00000000ed880000)
 ParOldGen       total 113664K, used 105878K [0x00000000c0000000, 0x00000000c6f00000, 0x00000000eab00000)
  object space 113664K, 93% used [0x00000000c0000000,0x00000000c67659f8,0x00000000c6f00000)
 Metaspace       used 71957K, committed 73280K, reserved 1179648K
  class space    used 7572K, committed 8192K, reserved 1048576K
}
Event: 64.380 GC heap after
{Heap after GC invocations=79 (full 5):
 PSYoungGen      total 36864K, used 4773K [0x00000000eab00000, 0x00000000ed680000, 0x0000000100000000)
  eden space 31744K, 0% used [0x00000000eab00000,0x00000000eab00000,0x00000000eca00000)
  from space 5120K, 93% used [0x00000000ed180000,0x00000000ed6294d8,0x00000000ed680000)
  to   space 5632K, 0% used [0x00000000ecb80000,0x00000000ecb80000,0x00000000ed100000)
 ParOldGen       total 113664K, used 106062K [0x00000000c0000000, 0x00000000c6f00000, 0x00000000eab00000)
  object space 113664K, 93% used [0x00000000c0000000,0x00000000c67939f8,0x00000000c6f00000)
 Metaspace       used 71957K, committed 73280K, reserved 1179648K
  class space    used 7572K, committed 8192K, reserved 1048576K
}
Event: 66.748 GC heap before
{Heap before GC invocations=80 (full 5):
 PSYoungGen      total 36864K, used 36517K [0x00000000eab00000, 0x00000000ed680000, 0x0000000100000000)
  eden space 31744K, 100% used [0x00000000eab00000,0x00000000eca00000,0x00000000eca00000)
  from space 5120K, 93% used [0x00000000ed180000,0x00000000ed6294d8,0x00000000ed680000)
  to   space 5632K, 0% used [0x00000000ecb80000,0x00000000ecb80000,0x00000000ed100000)
 ParOldGen       total 113664K, used 106062K [0x00000000c0000000, 0x00000000c6f00000, 0x00000000eab00000)
  object space 113664K, 93% used [0x00000000c0000000,0x00000000c67939f8,0x00000000c6f00000)
 Metaspace       used 74992K, committed 76352K, reserved 1179648K
  class space    used 7989K, committed 8640K, reserved 1048576K
}
Event: 66.752 GC heap after
{Heap after GC invocations=80 (full 5):
 PSYoungGen      total 36864K, used 5600K [0x00000000eab00000, 0x00000000ed580000, 0x0000000100000000)
  eden space 31232K, 0% used [0x00000000eab00000,0x00000000eab00000,0x00000000ec980000)
  from space 5632K, 99% used [0x00000000ecb80000,0x00000000ed0f8268,0x00000000ed100000)
  to   space 4608K, 0% used [0x00000000ed100000,0x00000000ed100000,0x00000000ed580000)
 ParOldGen       total 113664K, used 106310K [0x00000000c0000000, 0x00000000c6f00000, 0x00000000eab00000)
  object space 113664K, 93% used [0x00000000c0000000,0x00000000c67d19f8,0x00000000c6f00000)
 Metaspace       used 74992K, committed 76352K, reserved 1179648K
  class space    used 7989K, committed 8640K, reserved 1048576K
}

