# JRE version: OpenJDK Runtime Environment Temurin-17.0.11+9 (17.0.11+9) (build 17.0.11+9)
# Java VM: OpenJDK 64-Bit Server VM Temurin-17.0.11+9 (17.0.11+9, mixed mode, tiered, compressed oops, compressed class ptrs, parallel gc, windows-amd64)
GC Precious Log:
 CPUs: 8 total, 8 available
 Memory: 12121M
 Large Page Support: Disabled
 NUMA Support: Disabled
 Compressed Oops: Enabled (32-bit)
 Alignments: Space 512K, Generation 512K, Heap 2M
 Heap Min Capacity: 100M
 Heap Initial Capacity: 100M
 Heap Max Capacity: 1G
 Pre-touch: Disabled
 Parallel Workers: 8
Heap:
 PSYoungGen      total 25088K, used 14073K [0x00000000eab00000, 0x00000000ec780000, 0x0000000100000000)
  eden space 20992K, 48% used [0x00000000eab00000,0x00000000eb503b70,0x00000000ebf80000)
  from space 4096K, 93% used [0x00000000ec000000,0x00000000ec3baa80,0x00000000ec400000)
  to   space 3584K, 0% used [0x00000000ec400000,0x00000000ec400000,0x00000000ec780000)
 ParOldGen       total 120832K, used 95782K [0x00000000c0000000, 0x00000000c7600000, 0x00000000eab00000)
  object space 120832K, 79% used [0x00000000c0000000,0x00000000c5d89970,0x00000000c7600000)
 Metaspace       used 73133K, committed 74432K, reserved 1179648K
  class space    used 7633K, committed 8192K, reserved 1048576K
GC Heap History (20 events):
Event: 35.899 GC heap before
{Heap before GC invocations=67 (full 5):
 PSYoungGen      total 23040K, used 23040K [0x00000000eab00000, 0x00000000ec480000, 0x0000000100000000)
  eden space 20992K, 100% used [0x00000000eab00000,0x00000000ebf80000,0x00000000ebf80000)
  from space 2048K, 100% used [0x00000000ebf80000,0x00000000ec180000,0x00000000ec180000)
  to   space 2560K, 0% used [0x00000000ec200000,0x00000000ec200000,0x00000000ec480000)
 ParOldGen       total 120832K, used 88605K [0x00000000c0000000, 0x00000000c7600000, 0x00000000eab00000)
  object space 120832K, 73% used [0x00000000c0000000,0x00000000c5687528,0x00000000c7600000)
 Metaspace       used 65873K, committed 67136K, reserved 1114112K
  class space    used 6966K, committed 7488K, reserved 1048576K
}
Event: 35.901 GC heap after
{Heap after GC invocations=67 (full 5):
 PSYoungGen      total 23040K, used 1696K [0x00000000eab00000, 0x00000000ec400000, 0x0000000100000000)
  eden space 20992K, 0% used [0x00000000eab00000,0x00000000eab00000,0x00000000ebf80000)
  from space 2048K, 82% used [0x00000000ec200000,0x00000000ec3a8000,0x00000000ec400000)
  to   space 2048K, 0% used [0x00000000ebf80000,0x00000000ebf80000,0x00000000ec180000)
 ParOldGen       total 120832K, used 89365K [0x00000000c0000000, 0x00000000c7600000, 0x00000000eab00000)
  object space 120832K, 73% used [0x00000000c0000000,0x00000000c5745528,0x00000000c7600000)
 Metaspace       used 65873K, committed 67136K, reserved 1114112K
  class space    used 6966K, committed 7488K, reserved 1048576K
}
Event: 36.000 GC heap before
{Heap before GC invocations=68 (full 5):
 PSYoungGen      total 23040K, used 22688K [0x00000000eab00000, 0x00000000ec400000, 0x0000000100000000)
  eden space 20992K, 100% used [0x00000000eab00000,0x00000000ebf80000,0x00000000ebf80000)
  from space 2048K, 82% used [0x00000000ec200000,0x00000000ec3a8000,0x00000000ec400000)
  to   space 2048K, 0% used [0x00000000ebf80000,0x00000000ebf80000,0x00000000ec180000)
 ParOldGen       total 120832K, used 89365K [0x00000000c0000000, 0x00000000c7600000, 0x00000000eab00000)
  object space 120832K, 73% used [0x00000000c0000000,0x00000000c5745528,0x00000000c7600000)
 Metaspace       used 65881K, committed 67136K, reserved 1114112K
  class space    used 6966K, committed 7488K, reserved 1048576K
}
Event: 36.002 GC heap after
{Heap after GC invocations=68 (full 5):
 PSYoungGen      total 23040K, used 2048K [0x00000000eab00000, 0x00000000ec480000, 0x0000000100000000)
  eden space 20992K, 0% used [0x00000000eab00000,0x00000000eab00000,0x00000000ebf80000)
  from space 2048K, 100% used [0x00000000ebf80000,0x00000000ec180000,0x00000000ec180000)
  to   space 2560K, 0% used [0x00000000ec200000,0x00000000ec200000,0x00000000ec480000)
 ParOldGen       total 120832K, used 89413K [0x00000000c0000000, 0x00000000c7600000, 0x00000000eab00000)
  object space 120832K, 73% used [0x00000000c0000000,0x00000000c5751528,0x00000000c7600000)
 Metaspace       used 65881K, committed 67136K, reserved 1114112K
  class space    used 6966K, committed 7488K, reserved 1048576K
}
Event: 36.316 GC heap before
{Heap before GC invocations=69 (full 5):
 PSYoungGen      total 23040K, used 23040K [0x00000000eab00000, 0x00000000ec480000, 0x0000000100000000)
  eden space 20992K, 100% used [0x00000000eab00000,0x00000000ebf80000,0x00000000ebf80000)
  from space 2048K, 100% used [0x00000000ebf80000,0x00000000ec180000,0x00000000ec180000)
  to   space 2560K, 0% used [0x00000000ec200000,0x00000000ec200000,0x00000000ec480000)
 ParOldGen       total 120832K, used 89413K [0x00000000c0000000, 0x00000000c7600000, 0x00000000eab00000)
  object space 120832K, 73% used [0x00000000c0000000,0x00000000c5751528,0x00000000c7600000)
 Metaspace       used 65945K, committed 67200K, reserved 1114112K
  class space    used 6969K, committed 7488K, reserved 1048576K
}
Event: 36.319 GC heap after
{Heap after GC invocations=69 (full 5):
 PSYoungGen      total 23552K, used 2176K [0x00000000eab00000, 0x00000000ec480000, 0x0000000100000000)
  eden space 20992K, 0% used [0x00000000eab00000,0x00000000eab00000,0x00000000ebf80000)
  from space 2560K, 85% used [0x00000000ec200000,0x00000000ec420000,0x00000000ec480000)
  to   space 2560K, 0% used [0x00000000ebf80000,0x00000000ebf80000,0x00000000ec200000)
 ParOldGen       total 120832K, used 90221K [0x00000000c0000000, 0x00000000c7600000, 0x00000000eab00000)
  object space 120832K, 74% used [0x00000000c0000000,0x00000000c581b528,0x00000000c7600000)
 Metaspace       used 65945K, committed 67200K, reserved 1114112K
  class space    used 6969K, committed 7488K, reserved 1048576K
}
Event: 36.932 GC heap before
{Heap before GC invocations=70 (full 5):
 PSYoungGen      total 23552K, used 23168K [0x00000000eab00000, 0x00000000ec480000, 0x0000000100000000)
  eden space 20992K, 100% used [0x00000000eab00000,0x00000000ebf80000,0x00000000ebf80000)
  from space 2560K, 85% used [0x00000000ec200000,0x00000000ec420000,0x00000000ec480000)
  to   space 2560K, 0% used [0x00000000ebf80000,0x00000000ebf80000,0x00000000ec200000)
 ParOldGen       total 120832K, used 90221K [0x00000000c0000000, 0x00000000c7600000, 0x00000000eab00000)
  object space 120832K, 74% used [0x00000000c0000000,0x00000000c581b528,0x00000000c7600000)
 Metaspace       used 66305K, committed 67584K, reserved 1114112K
  class space    used 6999K, committed 7552K, reserved 1048576K
}
Event: 36.934 GC heap after
{Heap after GC invocations=70 (full 5):
 PSYoungGen      total 23552K, used 2531K [0x00000000eab00000, 0x00000000ec580000, 0x0000000100000000)
  eden space 20992K, 0% used [0x00000000eab00000,0x00000000eab00000,0x00000000ebf80000)
  from space 2560K, 98% used [0x00000000ebf80000,0x00000000ec1f8e98,0x00000000ec200000)
  to   space 3072K, 0% used [0x00000000ec280000,0x00000000ec280000,0x00000000ec580000)
 ParOldGen       total 120832K, used 90397K [0x00000000c0000000, 0x00000000c7600000, 0x00000000eab00000)
  object space 120832K, 74% used [0x00000000c0000000,0x00000000c58476f0,0x00000000c7600000)
 Metaspace       used 66305K, committed 67584K, reserved 1114112K
  class space    used 6999K, committed 7552K, reserved 1048576K
}
Event: 38.886 GC heap before
{Heap before GC invocations=71 (full 5):
 PSYoungGen      total 23552K, used 23523K [0x00000000eab00000, 0x00000000ec580000, 0x0000000100000000)
  eden space 20992K, 99% used [0x00000000eab00000,0x00000000ebf7ffc8,0x00000000ebf80000)
  from space 2560K, 98% used [0x00000000ebf80000,0x00000000ec1f8e98,0x00000000ec200000)
  to   space 3072K, 0% used [0x00000000ec280000,0x00000000ec280000,0x00000000ec580000)
 ParOldGen       total 120832K, used 90397K [0x00000000c0000000, 0x00000000c7600000, 0x00000000eab00000)
  object space 120832K, 74% used [0x00000000c0000000,0x00000000c58476f0,0x00000000c7600000)
 Metaspace       used 66309K, committed 67584K, reserved 1114112K
  class space    used 6999K, committed 7552K, reserved 1048576K
}
Event: 38.889 GC heap after
{Heap after GC invocations=71 (full 5):
 PSYoungGen      total 23552K, used 2339K [0x00000000eab00000, 0x00000000ec500000, 0x0000000100000000)
  eden space 20992K, 0% used [0x00000000eab00000,0x00000000eab00000,0x00000000ebf80000)
  from space 2560K, 91% used [0x00000000ec280000,0x00000000ec4c8ee8,0x00000000ec500000)
  to   space 2560K, 0% used [0x00000000ebf80000,0x00000000ebf80000,0x00000000ec200000)
 ParOldGen       total 120832K, used 91197K [0x00000000c0000000, 0x00000000c7600000, 0x00000000eab00000)
  object space 120832K, 75% used [0x00000000c0000000,0x00000000c590f6f0,0x00000000c7600000)
 Metaspace       used 66309K, committed 67584K, reserved 1114112K
  class space    used 6999K, committed 7552K, reserved 1048576K
}
Event: 39.055 GC heap before
{Heap before GC invocations=72 (full 5):
 PSYoungGen      total 23552K, used 23331K [0x00000000eab00000, 0x00000000ec500000, 0x0000000100000000)
  eden space 20992K, 100% used [0x00000000eab00000,0x00000000ebf80000,0x00000000ebf80000)
  from space 2560K, 91% used [0x00000000ec280000,0x00000000ec4c8ee8,0x00000000ec500000)
  to   space 2560K, 0% used [0x00000000ebf80000,0x00000000ebf80000,0x00000000ec200000)
 ParOldGen       total 120832K, used 91197K [0x00000000c0000000, 0x00000000c7600000, 0x00000000eab00000)
  object space 120832K, 75% used [0x00000000c0000000,0x00000000c590f6f0,0x00000000c7600000)
 Metaspace       used 66818K, committed 68096K, reserved 1114112K
  class space    used 7059K, committed 7616K, reserved 1048576K
}
Event: 39.058 GC heap after
{Heap after GC invocations=72 (full 5):
 PSYoungGen      total 23552K, used 2552K [0x00000000eab00000, 0x00000000ec680000, 0x0000000100000000)
  eden space 20992K, 0% used [0x00000000eab00000,0x00000000eab00000,0x00000000ebf80000)
  from space 2560K, 99% used [0x00000000ebf80000,0x00000000ec1fe0d8,0x00000000ec200000)
  to   space 3584K, 0% used [0x00000000ec300000,0x00000000ec300000,0x00000000ec680000)
 ParOldGen       total 120832K, used 91858K [0x00000000c0000000, 0x00000000c7600000, 0x00000000eab00000)
  object space 120832K, 76% used [0x00000000c0000000,0x00000000c59b4930,0x00000000c7600000)
 Metaspace       used 66818K, committed 68096K, reserved 1114112K
  class space    used 7059K, committed 7616K, reserved 1048576K
}
Event: 39.526 GC heap before
{Heap before GC invocations=73 (full 5):
 PSYoungGen      total 23552K, used 23544K [0x00000000eab00000, 0x00000000ec680000, 0x0000000100000000)
  eden space 20992K, 100% used [0x00000000eab00000,0x00000000ebf80000,0x00000000ebf80000)
  from space 2560K, 99% used [0x00000000ebf80000,0x00000000ec1fe0d8,0x00000000ec200000)
  to   space 3584K, 0% used [0x00000000ec300000,0x00000000ec300000,0x00000000ec680000)
 ParOldGen       total 120832K, used 91858K [0x00000000c0000000, 0x00000000c7600000, 0x00000000eab00000)
  object space 120832K, 76% used [0x00000000c0000000,0x00000000c59b4930,0x00000000c7600000)
 Metaspace       used 67778K, committed 69056K, reserved 1114112K
  class space    used 7150K, committed 7680K, reserved 1048576K
}
Event: 39.533 GC heap after
{Heap after GC invocations=73 (full 5):
 PSYoungGen      total 24064K, used 2780K [0x00000000eab00000, 0x00000000ec600000, 0x0000000100000000)
  eden space 20992K, 0% used [0x00000000eab00000,0x00000000eab00000,0x00000000ebf80000)
  from space 3072K, 90% used [0x00000000ec300000,0x00000000ec5b7340,0x00000000ec600000)
  to   space 3072K, 0% used [0x00000000ec000000,0x00000000ec000000,0x00000000ec300000)
 ParOldGen       total 120832K, used 93042K [0x00000000c0000000, 0x00000000c7600000, 0x00000000eab00000)
  object space 120832K, 77% used [0x00000000c0000000,0x00000000c5adc930,0x00000000c7600000)
 Metaspace       used 67778K, committed 69056K, reserved 1114112K
  class space    used 7150K, committed 7680K, reserved 1048576K
}
Event: 40.197 GC heap before
{Heap before GC invocations=74 (full 5):
 PSYoungGen      total 24064K, used 23711K [0x00000000eab00000, 0x00000000ec600000, 0x0000000100000000)
  eden space 20992K, 99% used [0x00000000eab00000,0x00000000ebf70a80,0x00000000ebf80000)
  from space 3072K, 90% used [0x00000000ec300000,0x00000000ec5b7340,0x00000000ec600000)
  to   space 3072K, 0% used [0x00000000ec000000,0x00000000ec000000,0x00000000ec300000)
 ParOldGen       total 120832K, used 93042K [0x00000000c0000000, 0x00000000c7600000, 0x00000000eab00000)
  object space 120832K, 77% used [0x00000000c0000000,0x00000000c5adc930,0x00000000c7600000)
 Metaspace       used 70053K, committed 71360K, reserved 1114112K
  class space    used 7355K, committed 7936K, reserved 1048576K
}
Event: 40.202 GC heap after
{Heap after GC invocations=74 (full 5):
 PSYoungGen      total 24064K, used 3062K [0x00000000eab00000, 0x00000000eca80000, 0x0000000100000000)
  eden space 20992K, 0% used [0x00000000eab00000,0x00000000eab00000,0x00000000ebf80000)
  from space 3072K, 99% used [0x00000000ec000000,0x00000000ec2fd930,0x00000000ec300000)
  to   space 5632K, 0% used [0x00000000ec500000,0x00000000ec500000,0x00000000eca80000)
 ParOldGen       total 120832K, used 94959K [0x00000000c0000000, 0x00000000c7600000, 0x00000000eab00000)
  object space 120832K, 78% used [0x00000000c0000000,0x00000000c5cbbcb8,0x00000000c7600000)
 Metaspace       used 70053K, committed 71360K, reserved 1114112K
  class space    used 7355K, committed 7936K, reserved 1048576K
}
Event: 40.696 GC heap before
{Heap before GC invocations=75 (full 5):
 PSYoungGen      total 24064K, used 24054K [0x00000000eab00000, 0x00000000eca80000, 0x0000000100000000)
  eden space 20992K, 100% used [0x00000000eab00000,0x00000000ebf80000,0x00000000ebf80000)
  from space 3072K, 99% used [0x00000000ec000000,0x00000000ec2fd930,0x00000000ec300000)
  to   space 5632K, 0% used [0x00000000ec500000,0x00000000ec500000,0x00000000eca80000)
 ParOldGen       total 120832K, used 94959K [0x00000000c0000000, 0x00000000c7600000, 0x00000000eab00000)
  object space 120832K, 78% used [0x00000000c0000000,0x00000000c5cbbcb8,0x00000000c7600000)
 Metaspace       used 71521K, committed 72832K, reserved 1114112K
  class space    used 7476K, committed 8000K, reserved 1048576K
}
Event: 40.701 GC heap after
{Heap after GC invocations=75 (full 5):
 PSYoungGen      total 25088K, used 3780K [0x00000000eab00000, 0x00000000ec900000, 0x0000000100000000)
  eden space 20992K, 0% used [0x00000000eab00000,0x00000000eab00000,0x00000000ebf80000)
  from space 4096K, 92% used [0x00000000ec500000,0x00000000ec8b11d0,0x00000000ec900000)
  to   space 4608K, 0% used [0x00000000ec000000,0x00000000ec000000,0x00000000ec480000)
 ParOldGen       total 120832K, used 95774K [0x00000000c0000000, 0x00000000c7600000, 0x00000000eab00000)
  object space 120832K, 79% used [0x00000000c0000000,0x00000000c5d87970,0x00000000c7600000)
 Metaspace       used 71521K, committed 72832K, reserved 1114112K
  class space    used 7476K, committed 8000K, reserved 1048576K
}
Event: 2645.727 GC heap before
{Heap before GC invocations=76 (full 5):
 PSYoungGen      total 25088K, used 24753K [0x00000000eab00000, 0x00000000ec900000, 0x0000000100000000)
  eden space 20992K, 99% used [0x00000000eab00000,0x00000000ebf7b598,0x00000000ebf80000)
  from space 4096K, 92% used [0x00000000ec500000,0x00000000ec8b11d0,0x00000000ec900000)
  to   space 4608K, 0% used [0x00000000ec000000,0x00000000ec000000,0x00000000ec480000)
 ParOldGen       total 120832K, used 95774K [0x00000000c0000000, 0x00000000c7600000, 0x00000000eab00000)
  object space 120832K, 79% used [0x00000000c0000000,0x00000000c5d87970,0x00000000c7600000)
 Metaspace       used 72530K, committed 73856K, reserved 1179648K
  class space    used 7572K, committed 8128K, reserved 1048576K
}
Event: 2645.746 GC heap after
{Heap after GC invocations=76 (full 5):
 PSYoungGen      total 25088K, used 3818K [0x00000000eab00000, 0x00000000ec780000, 0x0000000100000000)
  eden space 20992K, 0% used [0x00000000eab00000,0x00000000eab00000,0x00000000ebf80000)
  from space 4096K, 93% used [0x00000000ec000000,0x00000000ec3baa80,0x00000000ec400000)
  to   space 3584K, 0% used [0x00000000ec400000,0x00000000ec400000,0x00000000ec780000)
 ParOldGen       total 120832K, used 95782K [0x00000000c0000000, 0x00000000c7600000, 0x00000000eab00000)
  object space 120832K, 79% used [0x00000000c0000000,0x00000000c5d89970,0x00000000c7600000)
 Metaspace       used 72530K, committed 73856K, reserved 1179648K
  class space    used 7572K, committed 8128K, reserved 1048576K
}

