# JRE version: OpenJDK Runtime Environment Temurin-17.0.11+9 (17.0.11+9) (build 17.0.11+9)
# Java VM: OpenJDK 64-Bit Server VM Temurin-17.0.11+9 (17.0.11+9, mixed mode, tiered, compressed oops, compressed class ptrs, parallel gc, windows-amd64)
GC Precious Log:
 CPUs: 8 total, 8 available
 Memory: 12121M
 Large Page Support: Disabled
 NUMA Support: Disabled
 Compressed Oops: Enabled (32-bit)
 Alignments: Space 512K, Generation 512K, Heap 2M
 Heap Min Capacity: 100M
 Heap Initial Capacity: 100M
 Heap Max Capacity: 1G
 Pre-touch: Disabled
 Parallel Workers: 8
Heap:
 PSYoungGen      total 22528K, used 7578K [0x00000000eab00000, 0x00000000ec300000, 0x0000000100000000)
  eden space 20480K, 29% used [0x00000000eab00000,0x00000000eb0d09d8,0x00000000ebf00000)
  from space 2048K, 79% used [0x00000000ebf80000,0x00000000ec115ee0,0x00000000ec180000)
  to   space 1536K, 0% used [0x00000000ec180000,0x00000000ec180000,0x00000000ec300000)
 ParOldGen       total 68608K, used 30422K [0x00000000c0000000, 0x00000000c4300000, 0x00000000eab00000)
  object space 68608K, 44% used [0x00000000c0000000,0x00000000c1db59e0,0x00000000c4300000)
 Metaspace       used 47692K, committed 48512K, reserved 1114112K
  class space    used 4815K, committed 5248K, reserved 1048576K
GC Heap History (20 events):
Event: 5.813 GC heap before
{Heap before GC invocations=16 (full 2):
 PSYoungGen      total 23552K, used 23296K [0x00000000eab00000, 0x00000000ec500000, 0x0000000100000000)
  eden space 21504K, 100% used [0x00000000eab00000,0x00000000ec000000,0x00000000ec000000)
  from space 2048K, 87% used [0x00000000ec000000,0x00000000ec1c0010,0x00000000ec200000)
  to   space 2560K, 0% used [0x00000000ec280000,0x00000000ec280000,0x00000000ec500000)
 ParOldGen       total 68608K, used 18040K [0x00000000c0000000, 0x00000000c4300000, 0x00000000eab00000)
  object space 68608K, 26% used [0x00000000c0000000,0x00000000c119e2a8,0x00000000c4300000)
 Metaspace       used 38944K, committed 39680K, reserved 1114112K
  class space    used 3962K, committed 4288K, reserved 1048576K
}
Event: 5.815 GC heap after
{Heap after GC invocations=16 (full 2):
 PSYoungGen      total 23040K, used 1190K [0x00000000eab00000, 0x00000000ec400000, 0x0000000100000000)
  eden space 21504K, 0% used [0x00000000eab00000,0x00000000eab00000,0x00000000ec000000)
  from space 1536K, 77% used [0x00000000ec280000,0x00000000ec3a9a40,0x00000000ec400000)
  to   space 2048K, 0% used [0x00000000ec000000,0x00000000ec000000,0x00000000ec200000)
 ParOldGen       total 68608K, used 19752K [0x00000000c0000000, 0x00000000c4300000, 0x00000000eab00000)
  object space 68608K, 28% used [0x00000000c0000000,0x00000000c134a2b8,0x00000000c4300000)
 Metaspace       used 38944K, committed 39680K, reserved 1114112K
  class space    used 3962K, committed 4288K, reserved 1048576K
}
Event: 6.688 GC heap before
{Heap before GC invocations=17 (full 2):
 PSYoungGen      total 23040K, used 22694K [0x00000000eab00000, 0x00000000ec400000, 0x0000000100000000)
  eden space 21504K, 100% used [0x00000000eab00000,0x00000000ec000000,0x00000000ec000000)
  from space 1536K, 77% used [0x00000000ec280000,0x00000000ec3a9a40,0x00000000ec400000)
  to   space 2048K, 0% used [0x00000000ec000000,0x00000000ec000000,0x00000000ec200000)
 ParOldGen       total 68608K, used 19752K [0x00000000c0000000, 0x00000000c4300000, 0x00000000eab00000)
  object space 68608K, 28% used [0x00000000c0000000,0x00000000c134a2b8,0x00000000c4300000)
 Metaspace       used 40717K, committed 41472K, reserved 1114112K
  class space    used 4147K, committed 4480K, reserved 1048576K
}
Event: 6.689 GC heap after
{Heap after GC invocations=17 (full 2):
 PSYoungGen      total 23552K, used 761K [0x00000000eab00000, 0x00000000ec300000, 0x0000000100000000)
  eden space 21504K, 0% used [0x00000000eab00000,0x00000000eab00000,0x00000000ec000000)
  from space 2048K, 37% used [0x00000000ec000000,0x00000000ec0be6e0,0x00000000ec200000)
  to   space 1024K, 0% used [0x00000000ec200000,0x00000000ec200000,0x00000000ec300000)
 ParOldGen       total 68608K, used 20805K [0x00000000c0000000, 0x00000000c4300000, 0x00000000eab00000)
  object space 68608K, 30% used [0x00000000c0000000,0x00000000c14516c8,0x00000000c4300000)
 Metaspace       used 40717K, committed 41472K, reserved 1114112K
  class space    used 4147K, committed 4480K, reserved 1048576K
}
Event: 7.085 GC heap before
{Heap before GC invocations=18 (full 2):
 PSYoungGen      total 23552K, used 22253K [0x00000000eab00000, 0x00000000ec300000, 0x0000000100000000)
  eden space 21504K, 99% used [0x00000000eab00000,0x00000000ebffcfb8,0x00000000ec000000)
  from space 2048K, 37% used [0x00000000ec000000,0x00000000ec0be6e0,0x00000000ec200000)
  to   space 1024K, 0% used [0x00000000ec200000,0x00000000ec200000,0x00000000ec300000)
 ParOldGen       total 68608K, used 20805K [0x00000000c0000000, 0x00000000c4300000, 0x00000000eab00000)
  object space 68608K, 30% used [0x00000000c0000000,0x00000000c14516c8,0x00000000c4300000)
 Metaspace       used 41986K, committed 42752K, reserved 1114112K
  class space    used 4261K, committed 4608K, reserved 1048576K
}
Event: 7.089 GC heap after
{Heap after GC invocations=18 (full 2):
 PSYoungGen      total 21504K, used 1011K [0x00000000eab00000, 0x00000000ec600000, 0x0000000100000000)
  eden space 20480K, 0% used [0x00000000eab00000,0x00000000eab00000,0x00000000ebf00000)
  from space 1024K, 98% used [0x00000000ec200000,0x00000000ec2fce80,0x00000000ec300000)
  to   space 3072K, 0% used [0x00000000ebf00000,0x00000000ebf00000,0x00000000ec200000)
 ParOldGen       total 68608K, used 22183K [0x00000000c0000000, 0x00000000c4300000, 0x00000000eab00000)
  object space 68608K, 32% used [0x00000000c0000000,0x00000000c15a9c18,0x00000000c4300000)
 Metaspace       used 41986K, committed 42752K, reserved 1114112K
  class space    used 4261K, committed 4608K, reserved 1048576K
}
Event: 7.203 GC heap before
{Heap before GC invocations=19 (full 2):
 PSYoungGen      total 21504K, used 21443K [0x00000000eab00000, 0x00000000ec600000, 0x0000000100000000)
  eden space 20480K, 99% used [0x00000000eab00000,0x00000000ebef3ff8,0x00000000ebf00000)
  from space 1024K, 98% used [0x00000000ec200000,0x00000000ec2fce80,0x00000000ec300000)
  to   space 3072K, 0% used [0x00000000ebf00000,0x00000000ebf00000,0x00000000ec200000)
 ParOldGen       total 68608K, used 22183K [0x00000000c0000000, 0x00000000c4300000, 0x00000000eab00000)
  object space 68608K, 32% used [0x00000000c0000000,0x00000000c15a9c18,0x00000000c4300000)
 Metaspace       used 42012K, committed 42752K, reserved 1114112K
  class space    used 4261K, committed 4608K, reserved 1048576K
}
Event: 7.205 GC heap after
{Heap after GC invocations=19 (full 2):
 PSYoungGen      total 20992K, used 470K [0x00000000eab00000, 0x00000000ec280000, 0x0000000100000000)
  eden space 20480K, 0% used [0x00000000eab00000,0x00000000eab00000,0x00000000ebf00000)
  from space 512K, 91% used [0x00000000ebf00000,0x00000000ebf75818,0x00000000ebf80000)
  to   space 1536K, 0% used [0x00000000ec100000,0x00000000ec100000,0x00000000ec280000)
 ParOldGen       total 68608K, used 22868K [0x00000000c0000000, 0x00000000c4300000, 0x00000000eab00000)
  object space 68608K, 33% used [0x00000000c0000000,0x00000000c1655310,0x00000000c4300000)
 Metaspace       used 42012K, committed 42752K, reserved 1114112K
  class space    used 4261K, committed 4608K, reserved 1048576K
}
Event: 7.441 GC heap before
{Heap before GC invocations=20 (full 2):
 PSYoungGen      total 20992K, used 20938K [0x00000000eab00000, 0x00000000ec280000, 0x0000000100000000)
  eden space 20480K, 99% used [0x00000000eab00000,0x00000000ebefd128,0x00000000ebf00000)
  from space 512K, 91% used [0x00000000ebf00000,0x00000000ebf75818,0x00000000ebf80000)
  to   space 1536K, 0% used [0x00000000ec100000,0x00000000ec100000,0x00000000ec280000)
 ParOldGen       total 68608K, used 22868K [0x00000000c0000000, 0x00000000c4300000, 0x00000000eab00000)
  object space 68608K, 33% used [0x00000000c0000000,0x00000000c1655310,0x00000000c4300000)
 Metaspace       used 43964K, committed 44736K, reserved 1114112K
  class space    used 4457K, committed 4800K, reserved 1048576K
}
Event: 7.443 GC heap after
{Heap after GC invocations=20 (full 2):
 PSYoungGen      total 20992K, used 448K [0x00000000eab00000, 0x00000000ec180000, 0x0000000100000000)
  eden space 20480K, 0% used [0x00000000eab00000,0x00000000eab00000,0x00000000ebf00000)
  from space 512K, 87% used [0x00000000ec100000,0x00000000ec170010,0x00000000ec180000)
  to   space 1024K, 0% used [0x00000000ebf80000,0x00000000ebf80000,0x00000000ec080000)
 ParOldGen       total 68608K, used 23071K [0x00000000c0000000, 0x00000000c4300000, 0x00000000eab00000)
  object space 68608K, 33% used [0x00000000c0000000,0x00000000c1687ea0,0x00000000c4300000)
 Metaspace       used 43964K, committed 44736K, reserved 1114112K
  class space    used 4457K, committed 4800K, reserved 1048576K
}
Event: 8.108 GC heap before
{Heap before GC invocations=21 (full 2):
 PSYoungGen      total 20992K, used 20928K [0x00000000eab00000, 0x00000000ec180000, 0x0000000100000000)
  eden space 20480K, 100% used [0x00000000eab00000,0x00000000ebf00000,0x00000000ebf00000)
  from space 512K, 87% used [0x00000000ec100000,0x00000000ec170010,0x00000000ec180000)
  to   space 1024K, 0% used [0x00000000ebf80000,0x00000000ebf80000,0x00000000ec080000)
 ParOldGen       total 68608K, used 23071K [0x00000000c0000000, 0x00000000c4300000, 0x00000000eab00000)
  object space 68608K, 33% used [0x00000000c0000000,0x00000000c1687ea0,0x00000000c4300000)
 Metaspace       used 44981K, committed 45760K, reserved 1114112K
  class space    used 4528K, committed 4864K, reserved 1048576K
}
Event: 8.110 GC heap after
{Heap after GC invocations=21 (full 2):
 PSYoungGen      total 21504K, used 992K [0x00000000eab00000, 0x00000000ec400000, 0x0000000100000000)
  eden space 20480K, 0% used [0x00000000eab00000,0x00000000eab00000,0x00000000ebf00000)
  from space 1024K, 96% used [0x00000000ebf80000,0x00000000ec078020,0x00000000ec080000)
  to   space 2560K, 0% used [0x00000000ec180000,0x00000000ec180000,0x00000000ec400000)
 ParOldGen       total 68608K, used 24008K [0x00000000c0000000, 0x00000000c4300000, 0x00000000eab00000)
  object space 68608K, 34% used [0x00000000c0000000,0x00000000c17723b0,0x00000000c4300000)
 Metaspace       used 44981K, committed 45760K, reserved 1114112K
  class space    used 4528K, committed 4864K, reserved 1048576K
}
Event: 8.167 GC heap before
{Heap before GC invocations=22 (full 2):
 PSYoungGen      total 21504K, used 21472K [0x00000000eab00000, 0x00000000ec400000, 0x0000000100000000)
  eden space 20480K, 100% used [0x00000000eab00000,0x00000000ebf00000,0x00000000ebf00000)
  from space 1024K, 96% used [0x00000000ebf80000,0x00000000ec078020,0x00000000ec080000)
  to   space 2560K, 0% used [0x00000000ec180000,0x00000000ec180000,0x00000000ec400000)
 ParOldGen       total 68608K, used 24008K [0x00000000c0000000, 0x00000000c4300000, 0x00000000eab00000)
  object space 68608K, 34% used [0x00000000c0000000,0x00000000c17723b0,0x00000000c4300000)
 Metaspace       used 44981K, committed 45760K, reserved 1114112K
  class space    used 4528K, committed 4864K, reserved 1048576K
}
Event: 8.171 GC heap after
{Heap after GC invocations=22 (full 2):
 PSYoungGen      total 23040K, used 2304K [0x00000000eab00000, 0x00000000ec400000, 0x0000000100000000)
  eden space 20480K, 0% used [0x00000000eab00000,0x00000000eab00000,0x00000000ebf00000)
  from space 2560K, 90% used [0x00000000ec180000,0x00000000ec3c0000,0x00000000ec400000)
  to   space 2560K, 0% used [0x00000000ebf00000,0x00000000ebf00000,0x00000000ec180000)
 ParOldGen       total 68608K, used 25022K [0x00000000c0000000, 0x00000000c4300000, 0x00000000eab00000)
  object space 68608K, 36% used [0x00000000c0000000,0x00000000c186f850,0x00000000c4300000)
 Metaspace       used 44981K, committed 45760K, reserved 1114112K
  class space    used 4528K, committed 4864K, reserved 1048576K
}
Event: 8.307 GC heap before
{Heap before GC invocations=23 (full 2):
 PSYoungGen      total 23040K, used 22784K [0x00000000eab00000, 0x00000000ec400000, 0x0000000100000000)
  eden space 20480K, 100% used [0x00000000eab00000,0x00000000ebf00000,0x00000000ebf00000)
  from space 2560K, 90% used [0x00000000ec180000,0x00000000ec3c0000,0x00000000ec400000)
  to   space 2560K, 0% used [0x00000000ebf00000,0x00000000ebf00000,0x00000000ec180000)
 ParOldGen       total 68608K, used 25022K [0x00000000c0000000, 0x00000000c4300000, 0x00000000eab00000)
  object space 68608K, 36% used [0x00000000c0000000,0x00000000c186f850,0x00000000c4300000)
 Metaspace       used 44981K, committed 45760K, reserved 1114112K
  class space    used 4528K, committed 4864K, reserved 1048576K
}
Event: 8.312 GC heap after
{Heap after GC invocations=23 (full 2):
 PSYoungGen      total 23040K, used 2144K [0x00000000eab00000, 0x00000000ec400000, 0x0000000100000000)
  eden space 20480K, 0% used [0x00000000eab00000,0x00000000eab00000,0x00000000ebf00000)
  from space 2560K, 83% used [0x00000000ebf00000,0x00000000ec118010,0x00000000ec180000)
  to   space 2560K, 0% used [0x00000000ec180000,0x00000000ec180000,0x00000000ec400000)
 ParOldGen       total 68608K, used 27030K [0x00000000c0000000, 0x00000000c4300000, 0x00000000eab00000)
  object space 68608K, 39% used [0x00000000c0000000,0x00000000c1a65850,0x00000000c4300000)
 Metaspace       used 44981K, committed 45760K, reserved 1114112K
  class space    used 4528K, committed 4864K, reserved 1048576K
}
Event: 8.530 GC heap before
{Heap before GC invocations=24 (full 2):
 PSYoungGen      total 23040K, used 22624K [0x00000000eab00000, 0x00000000ec400000, 0x0000000100000000)
  eden space 20480K, 100% used [0x00000000eab00000,0x00000000ebf00000,0x00000000ebf00000)
  from space 2560K, 83% used [0x00000000ebf00000,0x00000000ec118010,0x00000000ec180000)
  to   space 2560K, 0% used [0x00000000ec180000,0x00000000ec180000,0x00000000ec400000)
 ParOldGen       total 68608K, used 27030K [0x00000000c0000000, 0x00000000c4300000, 0x00000000eab00000)
  object space 68608K, 39% used [0x00000000c0000000,0x00000000c1a65850,0x00000000c4300000)
 Metaspace       used 45026K, committed 45824K, reserved 1114112K
  class space    used 4535K, committed 4864K, reserved 1048576K
}
Event: 8.534 GC heap after
{Heap after GC invocations=24 (full 2):
 PSYoungGen      total 22528K, used 1568K [0x00000000eab00000, 0x00000000ec380000, 0x0000000100000000)
  eden space 20480K, 0% used [0x00000000eab00000,0x00000000eab00000,0x00000000ebf00000)
  from space 2048K, 76% used [0x00000000ec180000,0x00000000ec308000,0x00000000ec380000)
  to   space 2048K, 0% used [0x00000000ebf80000,0x00000000ebf80000,0x00000000ec180000)
 ParOldGen       total 68608K, used 28924K [0x00000000c0000000, 0x00000000c4300000, 0x00000000eab00000)
  object space 68608K, 42% used [0x00000000c0000000,0x00000000c1c3f0e0,0x00000000c4300000)
 Metaspace       used 45026K, committed 45824K, reserved 1114112K
  class space    used 4535K, committed 4864K, reserved 1048576K
}
Event: 9.569 GC heap before
{Heap before GC invocations=25 (full 2):
 PSYoungGen      total 22528K, used 22034K [0x00000000eab00000, 0x00000000ec380000, 0x0000000100000000)
  eden space 20480K, 99% used [0x00000000eab00000,0x00000000ebefca60,0x00000000ebf00000)
  from space 2048K, 76% used [0x00000000ec180000,0x00000000ec308000,0x00000000ec380000)
  to   space 2048K, 0% used [0x00000000ebf80000,0x00000000ebf80000,0x00000000ec180000)
 ParOldGen       total 68608K, used 28924K [0x00000000c0000000, 0x00000000c4300000, 0x00000000eab00000)
  object space 68608K, 42% used [0x00000000c0000000,0x00000000c1c3f0e0,0x00000000c4300000)
 Metaspace       used 46812K, committed 47680K, reserved 1114112K
  class space    used 4734K, committed 5120K, reserved 1048576K
}
Event: 9.572 GC heap after
{Heap after GC invocations=25 (full 2):
 PSYoungGen      total 22528K, used 1623K [0x00000000eab00000, 0x00000000ec300000, 0x0000000100000000)
  eden space 20480K, 0% used [0x00000000eab00000,0x00000000eab00000,0x00000000ebf00000)
  from space 2048K, 79% used [0x00000000ebf80000,0x00000000ec115ee0,0x00000000ec180000)
  to   space 1536K, 0% used [0x00000000ec180000,0x00000000ec180000,0x00000000ec300000)
 ParOldGen       total 68608K, used 30422K [0x00000000c0000000, 0x00000000c4300000, 0x00000000eab00000)
  object space 68608K, 44% used [0x00000000c0000000,0x00000000c1db59e0,0x00000000c4300000)
 Metaspace       used 46812K, committed 47680K, reserved 1114112K
  class space    used 4734K, committed 5120K, reserved 1048576K
}

